# JRE version: Java(TM) SE Runtime Environment (8.0_25-b18) (build 1.8.0_25-b18)
# Java VM: Java HotSpot(TM) Client VM (25.25-b02 mixed mode, sharing windows-x86 )
Heap:
 def new generation   total 4928K, used 2150K [0x04600000, 0x04b50000, 0x09b50000)
  eden space 4416K,  37% used [0x04600000, 0x04799e60, 0x04a50000)
  from space 512K,  99% used [0x04ad0000, 0x04b4fa50, 0x04b50000)
  to   space 512K,   0% used [0x04a50000, 0x04a50000, 0x04ad0000)
 tenured generation   total 10944K, used 5481K [0x09b50000, 0x0a600000, 0x14600000)
   the space 10944K,  50% used [0x09b50000, 0x0a0aa7e8, 0x0a0aa800, 0x0a600000)
 Metaspace       used 2366K, capacity 3961K, committed 4032K, reserved 4480K
GC Heap History (10 events):
Event: 0.393 GC heap before
{Heap before GC invocations=0 (full 0):
 def new generation   total 4928K, used 4416K [0x04600000, 0x04b50000, 0x09b50000)
  eden space 4416K, 100% used [0x04600000, 0x04a50000, 0x04a50000)
  from space 512K,   0% used [0x04a50000, 0x04a50000, 0x04ad0000)
  to   space 512K,   0% used [0x04ad0000, 0x04ad0000, 0x04b50000)
 tenured generation   total 10944K, used 0K [0x09b50000, 0x0a600000, 0x14600000)
   the space 10944K,   0% used [0x09b50000, 0x09b50000, 0x09b50200, 0x0a600000)
 Metaspace       used 679K, capacity 2664K, committed 2752K, reserved 4480K
Event: 0.395 GC heap after
Heap after GC invocations=1 (full 0):
 def new generation   total 4928K, used 512K [0x04600000, 0x04b50000, 0x09b50000)
  eden space 4416K,   0% used [0x04600000, 0x04600000, 0x04a50000)
  from space 512K, 100% used [0x04ad0000, 0x04b50000, 0x04b50000)
  to   space 512K,   0% used [0x04a50000, 0x04a50000, 0x04ad0000)
 tenured generation   total 10944K, used 616K [0x09b50000, 0x0a600000, 0x14600000)
   the space 10944K,   5% used [0x09b50000, 0x09bea168, 0x09bea200, 0x0a600000)
 Metaspace       used 679K, capacity 2664K, committed 2752K, reserved 4480K
}
Event: 0.709 GC heap before
{Heap before GC invocations=1 (full 0):
 def new generation   total 4928K, used 4928K [0x04600000, 0x04b50000, 0x09b50000)
  eden space 4416K, 100% used [0x04600000, 0x04a50000, 0x04a50000)
  from space 512K, 100% used [0x04ad0000, 0x04b50000, 0x04b50000)
  to   space 512K,   0% used [0x04a50000, 0x04a50000, 0x04ad0000)
 tenured generation   total 10944K, used 616K [0x09b50000, 0x0a600000, 0x14600000)
   the space 10944K,   5% used [0x09b50000, 0x09bea168, 0x09bea200, 0x0a600000)
 Metaspace       used 1246K, capacity 3240K, committed 3264K, reserved 4480K
Event: 0.711 GC heap after
Heap after GC invocations=2 (full 0):
 def new generation   total 4928K, used 512K [0x04600000, 0x04b50000, 0x09b50000)
  eden space 4416K,   0% used [0x04600000, 0x04600000, 0x04a50000)
  from space 512K, 100% used [0x04a50000, 0x04ad0000, 0x04ad0000)
  to   space 512K,   0% used [0x04ad0000, 0x04ad0000, 0x04b50000)
 tenured generation   total 10944K, used 1240K [0x09b50000, 0x0a600000, 0x14600000)
   the space 10944K,  11% used [0x09b50000, 0x09c863c0, 0x09c86400, 0x0a600000)
 Metaspace       used 1246K, capacity 3240K, committed 3264K, reserved 4480K
}
Event: 1.845 GC heap before
{Heap before GC invocations=2 (full 0):
 def new generation   total 4928K, used 4928K [0x04600000, 0x04b50000, 0x09b50000)
  eden space 4416K, 100% used [0x04600000, 0x04a50000, 0x04a50000)
  from space 512K, 100% used [0x04a50000, 0x04ad0000, 0x04ad0000)
  to   space 512K,   0% used [0x04ad0000, 0x04ad0000, 0x04b50000)
 tenured generation   total 10944K, used 1240K [0x09b50000, 0x0a600000, 0x14600000)
   the space 10944K,  11% used [0x09b50000, 0x09c863c0, 0x09c86400, 0x0a600000)
 Metaspace       used 1541K, capacity 3498K, committed 3520K, reserved 4480K
Event: 1.847 GC heap after
Heap after GC invocations=3 (full 0):
 def new generation   total 4928K, used 290K [0x04600000, 0x04b50000, 0x09b50000)
  eden space 4416K,   0% used [0x04600000, 0x04600000, 0x04a50000)
  from space 512K,  56% used [0x04ad0000, 0x04b18930, 0x04b50000)
  to   space 512K,   0% used [0x04a50000, 0x04a50000, 0x04ad0000)
 tenured generation   total 10944K, used 1347K [0x09b50000, 0x0a600000, 0x14600000)
   the space 10944K,  12% used [0x09b50000, 0x09ca0dc8, 0x09ca0e00, 0x0a600000)
 Metaspace       used 1541K, capacity 3498K, committed 3520K, reserved 4480K
}
Event: 2.293 GC heap before
{Heap before GC invocations=3 (full 0):
 def new generation   total 4928K, used 3998K [0x04600000, 0x04b50000, 0x09b50000)
  eden space 4416K,  83% used [0x04600000, 0x0499f020, 0x04a50000)
  from space 512K,  56% used [0x04ad0000, 0x04b18930, 0x04b50000)
  to   space 512K,   0% used [0x04a50000, 0x04a50000, 0x04ad0000)
 tenured generation   total 10944K, used 1347K [0x09b50000, 0x0a600000, 0x14600000)
   the space 10944K,  12% used [0x09b50000, 0x09ca0dc8, 0x09ca0e00, 0x0a600000)
 Metaspace       used 2070K, capacity 3667K, committed 3776K, reserved 4480K
Event: 2.297 GC heap after
Heap after GC invocations=4 (full 0):
 def new generation   total 4928K, used 512K [0x04600000, 0x04b50000, 0x09b50000)
  eden space 4416K,   0% used [0x04600000, 0x04600000, 0x04a50000)
  from space 512K, 100% used [0x04a50000, 0x04ad0000, 0x04ad0000)
  to   space 512K,   0% used [0x04ad0000, 0x04ad0000, 0x04b50000)
 tenured generation   total 10944K, used 1670K [0x09b50000, 0x0a600000, 0x14600000)
   the space 10944K,  15% used [0x09b50000, 0x09cf1ad8, 0x09cf1c00, 0x0a600000)
 Metaspace       used 2070K, capacity 3667K, committed 3776K, reserved 4480K
}
Event: 2.337 GC heap before
{Heap before GC invocations=4 (full 0):
 def new generation   total 4928K, used 4928K [0x04600000, 0x04b50000, 0x09b50000)
  eden space 4416K, 100% used [0x04600000, 0x04a50000, 0x04a50000)
  from space 512K, 100% used [0x04a50000, 0x04ad0000, 0x04ad0000)
  to   space 512K,   0% used [0x04ad0000, 0x04ad0000, 0x04b50000)
 tenured generation   total 10944K, used 1670K [0x09b50000, 0x0a600000, 0x14600000)
   the space 10944K,  15% used [0x09b50000, 0x09cf1ad8, 0x09cf1c00, 0x0a600000)
 Metaspace       used 2237K, capacity 3795K, committed 3904K, reserved 4480K
Event: 2.340 GC heap after
Heap after GC invocations=5 (full 0):
 def new generation   total 4928K, used 510K [0x04600000, 0x04b50000, 0x09b50000)
  eden space 4416K,   0% used [0x04600000, 0x04600000, 0x04a50000)
  from space 512K,  99% used [0x04ad0000, 0x04b4fa50, 0x04b50000)
  to   space 512K,   0% used [0x04a50000, 0x04a50000, 0x04ad0000)
 tenured generation   total 10944K, used 5481K [0x09b50000, 0x0a600000, 0x14600000)
   the space 10944K,  50% used [0x09b50000, 0x0a0aa7e8, 0x0a0aa800, 0x0a600000)
 Metaspace       used 2237K, capacity 3795K, committed 3904K, reserved 4480K
}

